<?xml version="1.0" encoding="UTF-8"?>
<!-- Generated by org.testng.reporters.JUnitXMLReporter -->
<testsuite hostname="RICHI-PC" ignored="3" name="Default test" tests="1" failures="0" timestamp="07 jun 2020 21:06:50 GMT" time="2.984" errors="0">
  <testcase name="C02_ObtenerListaConValorLagunitasBrewingCo" time="2.967" classname="com.challenge.test.TestCaseBackendClass"/>
  <testcase name="C04_AssertarResultado" time="0.0" classname="com.challenge.test.TestCaseBackendClass">
    <ignored/>
  </testcase> <!-- C04_AssertarResultado -->
  <testcase name="C01_ObtenerListaCerveceriaQueContengaTextoLagunitas" time="0.0" classname="com.challenge.test.TestCaseBackendClass">
    <ignored/>
  </testcase> <!-- C01_ObtenerListaCerveceriaQueContengaTextoLagunitas -->
  <testcase name="C03_ObtenerDetalleDeCadaCerveceria" time="0.0" classname="com.challenge.test.TestCaseBackendClass">
    <ignored/>
  </testcase> <!-- C03_ObtenerDetalleDeCadaCerveceria -->
</testsuite> <!-- Default test -->
