<?xml version="1.0" encoding="UTF-8"?>
<!-- Generated by org.testng.reporters.JUnitXMLReporter -->
<testsuite hostname="RICHI-PC" name="Test Frontend" tests="6" failures="0" timestamp="8 Jun 2020 01:36:52 GMT" time="44.457" errors="0">
  <testcase name="C01_GenerarClaseConMetodoDeTest" time="2.549" classname="com.challenge.test.TestCaseFrontendClass"/>
  <testcase name="C02_IngresarALaHome" time="0.0" classname="com.challenge.test.TestCaseFrontendClass"/>
  <testcase name="C03_BuscarHeladera" time="10.144" classname="com.challenge.test.TestCaseFrontendClass"/>
  <testcase name="C04_FiltrarPorHeladerasConFreezer" time="15.289" classname="com.challenge.test.TestCaseFrontendClass"/>
  <testcase name="C05_FiltrarPorSamsung" time="5.157" classname="com.challenge.test.TestCaseFrontendClass"/>
  <testcase name="C06_GuardarGrillaDeResultados" time="5.492" classname="com.challenge.test.TestCaseFrontendClass"/>
</testsuite> <!-- Test Frontend -->
