<?xml version="1.0" encoding="UTF-8"?>
<!-- Generated by org.testng.reporters.JUnitXMLReporter -->
<testsuite hostname="RICHI-PC" ignored="0" name="Test Backend" tests="5" failures="0" timestamp="08 jun 2020 01:33:38 GMT" time="8.19" errors="0">
  <testcase name="C01_ObtenerListaCerveceriaQueContengaTextoLagunitas" time="2.609" classname="com.challenge.test.TestCaseBackendClass"/>
  <testcase name="C02_ObtenerListaConValorLagunitasBrewingCo" time="1.037" classname="com.challenge.test.TestCaseBackendClass"/>
  <testcase name="C03_ObtenerDetalleDeCadaCerveceria" time="3.434" classname="com.challenge.test.TestCaseBackendClass"/>
  <testcase name="C04_AssertarResultado" time="1.103" classname="com.challenge.test.TestCaseBackendClass"/>
  <testcase name="C05_CrearReporteConResultados" time="0.001" classname="com.challenge.test.TestCaseBackendClass"/>
</testsuite> <!-- Test Backend -->
