<?xml version="1.0" encoding="UTF-8"?>
<!-- Generated by org.testng.reporters.JUnitXMLReporter -->
<testsuite hostname="RICHI-PC" ignored="0" name="Test Frontend" tests="6" failures="0" timestamp="07 jun 2020 22:13:57 GMT" time="42.107" errors="0">
  <testcase name="C01_GenerarClaseConMetodoDeTest" time="2.495" classname="com.challenge.test.TestCaseFrontendClass"/>
  <testcase name="C02_IngresarALaHome" time="0.614" classname="com.challenge.test.TestCaseFrontendClass"/>
  <testcase name="C03_BuscarHeladera" time="7.126" classname="com.challenge.test.TestCaseFrontendClass"/>
  <testcase name="C04_FiltrarPorHeladerasConFreezer" time="15.304" classname="com.challenge.test.TestCaseFrontendClass"/>
  <testcase name="C05_FiltrarPorSamsung" time="5.178" classname="com.challenge.test.TestCaseFrontendClass"/>
  <testcase name="C06_GuardarGrillaDeResultados" time="5.539" classname="com.challenge.test.TestCaseFrontendClass"/>
</testsuite> <!-- Test Frontend -->
