<?xml version="1.0" encoding="UTF-8"?>
<!-- Generated by org.testng.reporters.JUnitXMLReporter -->
<testsuite hostname="RICHI-PC" ignored="0" name="Test Backend" tests="5" failures="0" timestamp="07 jun 2020 22:14:06 GMT" time="8.237" errors="0">
  <testcase name="C01_ObtenerListaCerveceriaQueContengaTextoLagunitas" time="2.621" classname="com.challenge.test.TestCaseBackendClass"/>
  <testcase name="C02_ObtenerListaConValorLagunitasBrewingCo" time="1.181" classname="com.challenge.test.TestCaseBackendClass"/>
  <testcase name="C03_ObtenerDetalleDeCadaCerveceria" time="3.31" classname="com.challenge.test.TestCaseBackendClass"/>
  <testcase name="C04_AssertarResultado" time="1.119" classname="com.challenge.test.TestCaseBackendClass"/>
  <testcase name="C05_CrearReporteConResultados" time="0.001" classname="com.challenge.test.TestCaseBackendClass"/>
</testsuite> <!-- Test Backend -->
