<?xml version="1.0" encoding="UTF-8"?>
<!-- Generated by org.testng.reporters.JUnitXMLReporter -->
<testsuite hostname="RICHI-PC" ignored="0" name="Test Frontend" tests="6" failures="0" timestamp="08 jun 2020 01:33:30 GMT" time="50.443" errors="0">
  <testcase name="C01_GenerarClaseConMetodoDeTest" time="3.014" classname="com.challenge.test.TestCaseFrontendClass"/>
  <testcase name="C02_IngresarALaHome" time="0.001" classname="com.challenge.test.TestCaseFrontendClass"/>
  <testcase name="C03_BuscarHeladera" time="15.138" classname="com.challenge.test.TestCaseFrontendClass"/>
  <testcase name="C04_FiltrarPorHeladerasConFreezer" time="15.318" classname="com.challenge.test.TestCaseFrontendClass"/>
  <testcase name="C05_FiltrarPorSamsung" time="5.139" classname="com.challenge.test.TestCaseFrontendClass"/>
  <testcase name="C06_GuardarGrillaDeResultados" time="5.565" classname="com.challenge.test.TestCaseFrontendClass"/>
</testsuite> <!-- Test Frontend -->
