<?xml version="1.0" encoding="UTF-8"?>
<testng-results skipped="0" failed="0" ignored="1" total="11" passed="10">
  <reporter-output>
  </reporter-output>
  <suite name="Fravega Challenge" duration-ms="50276" started-at="2020-06-07T21:29:45Z" finished-at="2020-06-07T21:30:35Z">
    <groups>
    </groups>
    <test name="Test Frontend" duration-ms="42396" started-at="2020-06-07T21:29:45Z" finished-at="2020-06-07T21:30:27Z">
      <class name="com.challenge.test.TestCaseFrontendClass">
        <test-method status="PASS" signature="beforeClass()[pri:0, instance:com.challenge.test.TestCaseFrontendClass@73ad2d6]" name="beforeClass" is-config="true" duration-ms="0" started-at="2020-06-07T21:29:45Z" finished-at="2020-06-07T21:29:45Z">
          <reporter-output>
          </reporter-output>
        </test-method> <!-- beforeClass -->
        <test-method status="PASS" signature="beforeMethodClass()[pri:0, instance:com.challenge.test.TestCaseFrontendClass@73ad2d6]" name="beforeMethodClass" is-config="true" duration-ms="5876" started-at="2020-06-07T21:29:45Z" finished-at="2020-06-07T21:29:51Z">
          <reporter-output>
          </reporter-output>
        </test-method> <!-- beforeMethodClass -->
        <test-method status="PASS" signature="C01_GenerarClaseConMetodoDeTest()[pri:0, instance:com.challenge.test.TestCaseFrontendClass@73ad2d6]" name="C01_GenerarClaseConMetodoDeTest" duration-ms="2342" started-at="2020-06-07T21:29:51Z" finished-at="2020-06-07T21:29:53Z">
          <reporter-output>
          </reporter-output>
        </test-method> <!-- C01_GenerarClaseConMetodoDeTest -->
        <test-method status="PASS" signature="close()[pri:0, instance:com.challenge.test.TestCaseFrontendClass@73ad2d6]" name="close" is-config="true" duration-ms="0" started-at="2020-06-07T21:29:53Z" finished-at="2020-06-07T21:29:53Z">
          <reporter-output>
          </reporter-output>
        </test-method> <!-- close -->
        <test-method status="PASS" signature="C02_IngresarALaHome()[pri:0, instance:com.challenge.test.TestCaseFrontendClass@73ad2d6]" name="C02_IngresarALaHome" duration-ms="1085" started-at="2020-06-07T21:29:53Z" finished-at="2020-06-07T21:29:54Z">
          <reporter-output>
          </reporter-output>
        </test-method> <!-- C02_IngresarALaHome -->
        <test-method status="PASS" signature="beforeMethodClass()[pri:0, instance:com.challenge.test.TestCaseFrontendClass@73ad2d6]" name="beforeMethodClass" is-config="true" duration-ms="0" started-at="2020-06-07T21:29:53Z" finished-at="2020-06-07T21:29:53Z">
          <reporter-output>
          </reporter-output>
        </test-method> <!-- beforeMethodClass -->
        <test-method status="PASS" signature="close()[pri:0, instance:com.challenge.test.TestCaseFrontendClass@73ad2d6]" name="close" is-config="true" duration-ms="1" started-at="2020-06-07T21:29:54Z" finished-at="2020-06-07T21:29:54Z">
          <reporter-output>
          </reporter-output>
        </test-method> <!-- close -->
        <test-method status="PASS" signature="beforeMethodClass()[pri:0, instance:com.challenge.test.TestCaseFrontendClass@73ad2d6]" name="beforeMethodClass" is-config="true" duration-ms="0" started-at="2020-06-07T21:29:54Z" finished-at="2020-06-07T21:29:54Z">
          <reporter-output>
          </reporter-output>
        </test-method> <!-- beforeMethodClass -->
        <test-method status="PASS" signature="C03_BuscarHeladera()[pri:0, instance:com.challenge.test.TestCaseFrontendClass@73ad2d6]" name="C03_BuscarHeladera" duration-ms="7138" started-at="2020-06-07T21:29:54Z" finished-at="2020-06-07T21:30:01Z">
          <reporter-output>
          </reporter-output>
        </test-method> <!-- C03_BuscarHeladera -->
        <test-method status="PASS" signature="close()[pri:0, instance:com.challenge.test.TestCaseFrontendClass@73ad2d6]" name="close" is-config="true" duration-ms="1" started-at="2020-06-07T21:30:01Z" finished-at="2020-06-07T21:30:01Z">
          <reporter-output>
          </reporter-output>
        </test-method> <!-- close -->
        <test-method status="PASS" signature="beforeMethodClass()[pri:0, instance:com.challenge.test.TestCaseFrontendClass@73ad2d6]" name="beforeMethodClass" is-config="true" duration-ms="0" started-at="2020-06-07T21:30:01Z" finished-at="2020-06-07T21:30:01Z">
          <reporter-output>
          </reporter-output>
        </test-method> <!-- beforeMethodClass -->
        <test-method status="PASS" signature="C04_FiltrarPorHeladerasConFreezer()[pri:0, instance:com.challenge.test.TestCaseFrontendClass@73ad2d6]" name="C04_FiltrarPorHeladerasConFreezer" duration-ms="15290" started-at="2020-06-07T21:30:01Z" finished-at="2020-06-07T21:30:16Z">
          <reporter-output>
          </reporter-output>
        </test-method> <!-- C04_FiltrarPorHeladerasConFreezer -->
        <test-method status="PASS" signature="beforeMethodClass()[pri:0, instance:com.challenge.test.TestCaseFrontendClass@73ad2d6]" name="beforeMethodClass" is-config="true" duration-ms="0" started-at="2020-06-07T21:30:16Z" finished-at="2020-06-07T21:30:16Z">
          <reporter-output>
          </reporter-output>
        </test-method> <!-- beforeMethodClass -->
        <test-method status="PASS" signature="close()[pri:0, instance:com.challenge.test.TestCaseFrontendClass@73ad2d6]" name="close" is-config="true" duration-ms="0" started-at="2020-06-07T21:30:16Z" finished-at="2020-06-07T21:30:16Z">
          <reporter-output>
          </reporter-output>
        </test-method> <!-- close -->
        <test-method status="PASS" signature="C05_FiltrarPorSamsung()[pri:0, instance:com.challenge.test.TestCaseFrontendClass@73ad2d6]" name="C05_FiltrarPorSamsung" duration-ms="5137" started-at="2020-06-07T21:30:16Z" finished-at="2020-06-07T21:30:22Z">
          <reporter-output>
          </reporter-output>
        </test-method> <!-- C05_FiltrarPorSamsung -->
        <test-method status="PASS" signature="close()[pri:0, instance:com.challenge.test.TestCaseFrontendClass@73ad2d6]" name="close" is-config="true" duration-ms="0" started-at="2020-06-07T21:30:22Z" finished-at="2020-06-07T21:30:22Z">
          <reporter-output>
          </reporter-output>
        </test-method> <!-- close -->
        <test-method status="PASS" signature="beforeMethodClass()[pri:0, instance:com.challenge.test.TestCaseFrontendClass@73ad2d6]" name="beforeMethodClass" is-config="true" duration-ms="0" started-at="2020-06-07T21:30:22Z" finished-at="2020-06-07T21:30:22Z">
          <reporter-output>
          </reporter-output>
        </test-method> <!-- beforeMethodClass -->
        <test-method status="PASS" signature="C06_GuardarGrillaDeResultados()[pri:0, instance:com.challenge.test.TestCaseFrontendClass@73ad2d6]" name="C06_GuardarGrillaDeResultados" duration-ms="5508" started-at="2020-06-07T21:30:22Z" finished-at="2020-06-07T21:30:27Z">
          <reporter-output>
          </reporter-output>
        </test-method> <!-- C06_GuardarGrillaDeResultados -->
        <test-method status="PASS" signature="afterClass()[pri:0, instance:com.challenge.test.TestCaseFrontendClass@73ad2d6]" name="afterClass" is-config="true" duration-ms="0" started-at="2020-06-07T21:30:27Z" finished-at="2020-06-07T21:30:27Z">
          <reporter-output>
          </reporter-output>
        </test-method> <!-- afterClass -->
        <test-method status="PASS" signature="close()[pri:0, instance:com.challenge.test.TestCaseFrontendClass@73ad2d6]" name="close" is-config="true" duration-ms="0" started-at="2020-06-07T21:30:27Z" finished-at="2020-06-07T21:30:27Z">
          <reporter-output>
          </reporter-output>
        </test-method> <!-- close -->
      </class> <!-- com.challenge.test.TestCaseFrontendClass -->
    </test> <!-- Test Frontend -->
    <test name="Test Backend" duration-ms="7868" started-at="2020-06-07T21:30:27Z" finished-at="2020-06-07T21:30:35Z">
      <class name="com.challenge.test.TestCaseFrontendClass">
        <test-method status="PASS" signature="beforeSuite()[pri:0, instance:com.challenge.test.TestCaseFrontendClass@73ad2d6]" name="beforeSuite" is-config="true" duration-ms="6" started-at="2020-06-07T21:29:45Z" finished-at="2020-06-07T21:29:45Z">
          <reporter-output>
          </reporter-output>
        </test-method> <!-- beforeSuite -->
        <test-method status="PASS" signature="afterSuite()[pri:0, instance:com.challenge.test.TestCaseFrontendClass@73ad2d6]" name="afterSuite" is-config="true" duration-ms="614" started-at="2020-06-07T21:30:35Z" finished-at="2020-06-07T21:30:36Z">
          <reporter-output>
          </reporter-output>
        </test-method> <!-- afterSuite -->
      </class> <!-- com.challenge.test.TestCaseFrontendClass -->
      <class name="com.challenge.test.TestCaseBackendClass">
        <test-method status="PASS" signature="C01_ObtenerListaCerveceriaQueContengaTextoLagunitas()[pri:0, instance:com.challenge.test.TestCaseBackendClass@4e1d422d]" name="C01_ObtenerListaCerveceriaQueContengaTextoLagunitas" duration-ms="2473" started-at="2020-06-07T21:30:27Z" finished-at="2020-06-07T21:30:30Z">
          <reporter-output>
          </reporter-output>
        </test-method> <!-- C01_ObtenerListaCerveceriaQueContengaTextoLagunitas -->
        <test-method status="PASS" signature="C02_ObtenerListaConValorLagunitasBrewingCo()[pri:0, instance:com.challenge.test.TestCaseBackendClass@4e1d422d]" name="C02_ObtenerListaConValorLagunitasBrewingCo" duration-ms="1137" started-at="2020-06-07T21:30:30Z" finished-at="2020-06-07T21:30:31Z">
          <reporter-output>
          </reporter-output>
        </test-method> <!-- C02_ObtenerListaConValorLagunitasBrewingCo -->
        <test-method status="PASS" signature="C03_ObtenerDetalleDeCadaCerveceria()[pri:0, instance:com.challenge.test.TestCaseBackendClass@4e1d422d]" name="C03_ObtenerDetalleDeCadaCerveceria" duration-ms="3113" started-at="2020-06-07T21:30:31Z" finished-at="2020-06-07T21:30:34Z">
          <reporter-output>
          </reporter-output>
        </test-method> <!-- C03_ObtenerDetalleDeCadaCerveceria -->
        <test-method status="PASS" signature="C04_AssertarResultado()[pri:0, instance:com.challenge.test.TestCaseBackendClass@4e1d422d]" name="C04_AssertarResultado" duration-ms="1142" started-at="2020-06-07T21:30:34Z" finished-at="2020-06-07T21:30:35Z">
          <reporter-output>
          </reporter-output>
        </test-method> <!-- C04_AssertarResultado -->
      </class> <!-- com.challenge.test.TestCaseBackendClass -->
    </test> <!-- Test Backend -->
  </suite> <!-- Fravega Challenge -->
</testng-results>
